2021-01-18 09:59:08,383:DEBUG:certbot._internal.main:certbot version: 1.11.0
2021-01-18 09:59:08,383:DEBUG:certbot._internal.main:Location of certbot entry point: /usr/local/bin/certbot
2021-01-18 09:59:08,383:DEBUG:certbot._internal.main:Arguments: ['--webroot', '--webroot-path=/home/plybi', '--email', 'sammy@example.com', '--agree-tos', '--no-eff-email', '--staging', '-d', 'localhost']
2021-01-18 09:59:08,383:DEBUG:certbot._internal.main:Discovered plugins: PluginsRegistry(PluginEntryPoint#manual,PluginEntryPoint#null,PluginEntryPoint#standalone,PluginEntryPoint#webroot)
2021-01-18 09:59:08,422:DEBUG:certbot._internal.log:Root logging level set at 20
2021-01-18 09:59:08,422:INFO:certbot._internal.log:Saving debug log to /var/log/letsencrypt/letsencrypt.log
2021-01-18 09:59:08,423:DEBUG:certbot._internal.plugins.selection:Requested authenticator webroot and installer None
2021-01-18 09:59:08,433:DEBUG:certbot._internal.plugins.selection:Single candidate plugin: * webroot
Description: Place files in webroot directory
Interfaces: IAuthenticator, IPlugin
Entry point: webroot = certbot._internal.plugins.webroot:Authenticator
Initialized: <certbot._internal.plugins.webroot.Authenticator object at 0x7f817550f610>
Prep: True
2021-01-18 09:59:08,434:DEBUG:certbot._internal.plugins.selection:Selected authenticator <certbot._internal.plugins.webroot.Authenticator object at 0x7f817550f610> and installer None
2021-01-18 09:59:08,434:INFO:certbot._internal.plugins.selection:Plugins selected: Authenticator webroot, Installer None
2021-01-18 09:59:08,533:DEBUG:acme.client:Sending GET request to https://acme-staging-v02.api.letsencrypt.org/directory.
2021-01-18 09:59:08,535:DEBUG:urllib3.connectionpool:Starting new HTTPS connection (1): acme-staging-v02.api.letsencrypt.org:443
2021-01-18 09:59:09,727:DEBUG:urllib3.connectionpool:https://acme-staging-v02.api.letsencrypt.org:443 "GET /directory HTTP/1.1" 200 724
2021-01-18 09:59:09,729:DEBUG:acme.client:Received response:
HTTP 200
Server: nginx
Date: Mon, 18 Jan 2021 09:59:09 GMT
Content-Type: application/json
Content-Length: 724
Connection: keep-alive
Cache-Control: public, max-age=0, no-cache
X-Frame-Options: DENY
Strict-Transport-Security: max-age=604800

{
  "4QjcFGAO1No": "https://community.letsencrypt.org/t/adding-random-entries-to-the-directory/33417",
  "keyChange": "https://acme-staging-v02.api.letsencrypt.org/acme/key-change",
  "meta": {
    "caaIdentities": [
      "letsencrypt.org"
    ],
    "termsOfService": "https://letsencrypt.org/documents/LE-SA-v1.2-November-15-2017.pdf",
    "website": "https://letsencrypt.org/docs/staging-environment/"
  },
  "newAccount": "https://acme-staging-v02.api.letsencrypt.org/acme/new-acct",
  "newNonce": "https://acme-staging-v02.api.letsencrypt.org/acme/new-nonce",
  "newOrder": "https://acme-staging-v02.api.letsencrypt.org/acme/new-order",
  "revokeCert": "https://acme-staging-v02.api.letsencrypt.org/acme/revoke-cert"
}
2021-01-18 09:59:09,730:DEBUG:acme.client:Requesting fresh nonce
2021-01-18 09:59:09,731:DEBUG:acme.client:Sending HEAD request to https://acme-staging-v02.api.letsencrypt.org/acme/new-nonce.
2021-01-18 09:59:10,033:DEBUG:urllib3.connectionpool:https://acme-staging-v02.api.letsencrypt.org:443 "HEAD /acme/new-nonce HTTP/1.1" 200 0
2021-01-18 09:59:10,033:DEBUG:acme.client:Received response:
HTTP 200
Server: nginx
Date: Mon, 18 Jan 2021 09:59:09 GMT
Connection: keep-alive
Cache-Control: public, max-age=0, no-cache
Link: <https://acme-staging-v02.api.letsencrypt.org/directory>;rel="index"
Replay-Nonce: 0003sL-qrZD1S2BleA-h4-MDA7yPJknGdyrtgWnmFTDuXYU
X-Frame-Options: DENY
Strict-Transport-Security: max-age=604800


2021-01-18 09:59:10,033:DEBUG:acme.client:Storing nonce: 0003sL-qrZD1S2BleA-h4-MDA7yPJknGdyrtgWnmFTDuXYU
2021-01-18 09:59:10,034:DEBUG:acme.client:JWS payload:
b'{\n  "contact": [\n    "mailto:sammy@example.com"\n  ],\n  "termsOfServiceAgreed": true\n}'
2021-01-18 09:59:10,039:DEBUG:acme.client:Sending POST request to https://acme-staging-v02.api.letsencrypt.org/acme/new-acct:
{
  "protected": "eyJhbGciOiAiUlMyNTYiLCAiandrIjogeyJuIjogInRSbXVvbm5MNFpfZmo2VlBKVW9UOFJ1WjhvUmRwSXhSN1ViX2EyXzdBcTR3UVJ5aTVyX185VUs1a0stQlRGeVlNTlZMX0RsODJadDZVaDVRbDhKS1ZkcWxXUTY2cmoxaEtTa0xGUUNDaXZBV1pydWg5c1VBTHo4LUMycEM3eVBRV2U5YXdpWE5aQTdsWDVvSlI2elhIdVVuS29EZ2ZoaFJPZGxfV205bFhwR0JCQnZoQUZRblVtSG1JUU9XX1d4aDhmU0FzQ2F6NlRkU200d0FiT21qZ2RwZGUwc3RPY2xRYzhjNjI4eTBnMEpXWEpjOHUzSzZuc1hfaklKWGMybXJWQzhMV293RFdKaXhCVmd4YWFYbHZYLXh1QXpyVkZfaTdzdHA3Z3NiM2oxcm9iajF2WWJ3cHJncm9zQlpieURYN0NGd3BEUHdHRUVZTFI4c3ZOdzlGdyIsICJlIjogIkFRQUIiLCAia3R5IjogIlJTQSJ9LCAibm9uY2UiOiAiMDAwM3NMLXFyWkQxUzJCbGVBLWg0LU1EQTd5UEprbkdkeXJ0Z1dubUZURHVYWVUiLCAidXJsIjogImh0dHBzOi8vYWNtZS1zdGFnaW5nLXYwMi5hcGkubGV0c2VuY3J5cHQub3JnL2FjbWUvbmV3LWFjY3QifQ",
  "signature": "MehXWyXJWHA_BdvbQT3PXc0lcZv8yfrFmwnJ3f_4fJalnYzg8ObI5Yr8Zz3nfmDlV5jrLLFCuv8hZlx7JRH5Ms8uCMPxTOAH0hEpvPJlQptiLEr88rwRLZU9q_XvM6GlqvNCFfmoSovDOh6FOfZK3SEq5l0V9s60iDYeLJOAmL9xLesasj6kSifFtONIbLPPiKthRBE2sWSqv2QGa45Rk5YtrbsqEbs1JW3CKnEOBXMZy9jjbgiDypt18Ye8-T0jzfWmItgPdLIr1kTZaKZisSQzZIa1Ciu_-hN5HojbkUNXXHl3UGdbuFFYP8ld_W5HrvGgWskaxcuL292MMazknQ",
  "payload": "ewogICJjb250YWN0IjogWwogICAgIm1haWx0bzpzYW1teUBleGFtcGxlLmNvbSIKICBdLAogICJ0ZXJtc09mU2VydmljZUFncmVlZCI6IHRydWUKfQ"
}
2021-01-18 09:59:10,290:DEBUG:urllib3.connectionpool:https://acme-staging-v02.api.letsencrypt.org:443 "POST /acme/new-acct HTTP/1.1" 400 183
2021-01-18 09:59:10,292:DEBUG:acme.client:Received response:
HTTP 400
Server: nginx
Date: Mon, 18 Jan 2021 09:59:10 GMT
Content-Type: application/problem+json
Content-Length: 183
Connection: keep-alive
Cache-Control: public, max-age=0, no-cache
Link: <https://acme-staging-v02.api.letsencrypt.org/directory>;rel="index"
Replay-Nonce: 0004cARaD8NHkzpOR2R441N-jcqSvg33nFoT4xzT_cBnUFk

{
  "type": "urn:ietf:params:acme:error:invalidEmail",
  "detail": "Error creating new account :: invalid contact domain. Contact emails @example.com are forbidden",
  "status": 400
}
